 <--path:./test/test1--> %%%%%%%%%%%%%%%%%%%%%%%%%%%%%%%%%%%%%%%%%%%%%%%%%%%%%%%%%%%%%%%
%
% Welcome to Overleaf --- just edit your LaTeX on the left,
% and we'll compile it for you on the right. If you open the
% 'Share' menu, you can invite other users to edit at the same
% time. See www.overleaf.com/learn for more info. Enjoy!
%
%%%%%%%%%%%%%%%%%%%%%%%%%%%%%%%%%%%%%%%%%%%%%%%%%%%%%%%%%%%%%%%
\documentclass[12pt]{article}
\usepackage[english]{babel}
\usepackage[utf8x]{inputenc}
\usepackage{amsmath}
\usepackage{tikz}
\usetikzlibrary{arrows,automata}
\begin{document}

 <--path:./test/test1--> 
This is file a1
<--1.1.2-->

hello world

<--1.1.2-->

<--1.1.3-->

\begin{figure}
\includegraphicsx{shitshow.png}
\end{figure}

<--1.1.3-->
 <--path:./test/test1/level1--> <--2.4-->

some simple text

<--2.4-->

 <--path:./test/test1/level1/..--> this is u1 text

<--5.1-->
this is to add from u1
<--5.1--> <--path:./test/test1/level1--> 

<--3.5-->

\begin{align*}

x &= x + 1 \\
y &= y - 1

\end{align*}

<--3.5-->
boogie woogie
 <--path:./test/test1--> 
 <--path:./test/test1--> 
 <--path:./test/test1--> This is file a2 <--path:./test/test1--> 
\end{document}